This is ApacheBench, Version 2.3 <$Revision: 1706008 $>
Copyright 1996 Adam Twiss, Zeus Technology Ltd, http://www.zeustech.net/
Licensed to The Apache Software Foundation, http://www.apache.org/

Benchmarking 127.0.0.1 (be patient)


Server Software:        nginx/1.10.0
Server Hostname:        127.0.0.1
Server Port:            80

Document Path:          /bootstrap.css
Document Length:        146010 bytes

Concurrency Level:      10
Time taken for tests:   0.274 seconds
Complete requests:      1000
Failed requests:        0
Total transferred:      146256000 bytes
HTML transferred:       146010000 bytes
Requests per second:    3654.65 [#/sec] (mean)
Time per request:       2.736 [ms] (mean)
Time per request:       0.274 [ms] (mean, across all concurrent requests)
Transfer rate:          521986.83 [Kbytes/sec] received

Connection Times (ms)
              min  mean[+/-sd] median   max
Connect:        0    1   1.4      0      14
Processing:     1    2   2.0      1      14
Waiting:        0    1   1.3      0      14
Total:          1    3   2.5      2      15

Percentage of the requests served within a certain time (ms)
  50%      2
  66%      3
  75%      3
  80%      4
  90%      6
  95%      7
  98%     11
  99%     14
 100%     15 (longest request)
